[36m2024/11/20 14:12:36,456[m [32m[INFO ][m [org.springframework.boot.StartupInfoLogger] [33m[main][m- Started HighTrafficCommunityApplication in 4.567 seconds (process running for 6.143)
 -[36m2024/11/20 14:12:36,470[m [34m[DEBUG][m [org.springframework.boot.availability.ApplicationAvailabilityBean] [33m[main][m- Application availability state LivenessState changed to CORRECT
 -[36m2024/11/20 14:12:36,473[m [34m[DEBUG][m [org.springframework.boot.availability.ApplicationAvailabilityBean] [33m[main][m- Application availability state ReadinessState changed to ACCEPTING_TRAFFIC
 -[36m2024/11/20 14:19:28,059[m [32m[INFO ][m [org.apache.juli.logging.DirectJDKLog] [33m[http-nio-8080-exec-2][m- Initializing Spring DispatcherServlet 'dispatcherServlet'
 -[36m2024/11/20 14:19:28,060[m [32m[INFO ][m [org.springframework.web.servlet.FrameworkServlet] [33m[http-nio-8080-exec-2][m- Initializing Servlet 'dispatcherServlet'
 -[36m2024/11/20 14:19:28,062[m [34m[DEBUG][m [org.springframework.web.servlet.DispatcherServlet] [33m[http-nio-8080-exec-2][m- Detected StandardServletMultipartResolver
 -[36m2024/11/20 14:19:28,062[m [34m[DEBUG][m [org.springframework.web.servlet.DispatcherServlet] [33m[http-nio-8080-exec-2][m- Detected AcceptHeaderLocaleResolver
 -[36m2024/11/20 14:19:28,062[m [34m[DEBUG][m [org.springframework.web.servlet.DispatcherServlet] [33m[http-nio-8080-exec-2][m- Detected FixedThemeResolver
 -[36m2024/11/20 14:19:28,074[m [34m[DEBUG][m [org.springframework.web.servlet.DispatcherServlet] [33m[http-nio-8080-exec-2][m- Detected org.springframework.web.servlet.view.DefaultRequestToViewNameTranslator@777515ba
 -[36m2024/11/20 14:19:28,074[m [34m[DEBUG][m [org.springframework.web.servlet.DispatcherServlet] [33m[http-nio-8080-exec-2][m- Detected org.springframework.web.servlet.support.SessionFlashMapManager@114cb25a
 -[36m2024/11/20 14:19:28,075[m [34m[DEBUG][m [org.springframework.web.servlet.FrameworkServlet] [33m[http-nio-8080-exec-2][m- enableLoggingRequestDetails='false': request parameters and headers will be masked to prevent unsafe logging of potentially sensitive data
 -[36m2024/11/20 14:19:28,075[m [32m[INFO ][m [org.springframework.web.servlet.FrameworkServlet] [33m[http-nio-8080-exec-2][m- Completed initialization in 14 ms
 -[36m2024/11/20 14:19:28,095[m [34m[DEBUG][m [org.springframework.core.log.LogFormatUtils] [33m[http-nio-8080-exec-2][m- POST "/sns/subscribe?endpoint=https://webhook.site/56565ade-2846-4f1c-ab75-65f0641268fd&topicArn=arn:aws:sns:ap-northeast-2:764283902855:high-traffic-community", parameters={masked}
 -[36m2024/11/20 14:19:28,123[m [34m[DEBUG][m [org.springframework.web.servlet.handler.AbstractHandlerMapping] [33m[http-nio-8080-exec-2][m- Mapped to com.mallang.hightrafficcommunity.controller.SnsController#topicSubscribe(String, String)
 -[36m2024/11/20 14:19:29,850[m [32m[INFO ][m [com.mallang.hightrafficcommunity.controller.SnsController] [33m[http-nio-8080-exec-2][m- topicARN to subscribe = pending confirmation
 -[36m2024/11/20 14:19:29,903[m [32m[INFO ][m [com.mallang.hightrafficcommunity.controller.SnsController] [33m[http-nio-8080-exec-2][m- subscription list = ListSubscriptionsResponse(Subscriptions=[Subscription(SubscriptionArn=PendingConfirmation, Owner=764283902855, Protocol=https, Endpoint=https://webhook.site/56565ade-2846-4f1c-ab75-65f0641268fd, TopicArn=arn:aws:sns:ap-northeast-2:764283902855:high-traffic-community)], NextToken=AAG6RD36MaiXipma15Gjq4+qeUP23Tj6BAypHfuIPiX0xg==)
 -[36m2024/11/20 14:19:29,928[m [34m[DEBUG][m [org.springframework.web.servlet.mvc.method.annotation.AbstractMessageConverterMethodProcessor] [33m[http-nio-8080-exec-2][m- Using 'text/plain', given [*/*] and supported [text/plain, */*, application/json, application/*+json, application/cbor]
 -[36m2024/11/20 14:19:29,928[m [34m[DEBUG][m [org.springframework.core.log.LogFormatUtils] [33m[http-nio-8080-exec-2][m- Writing ["TOPIC SUBSCRIBED SUCCESSFULLY"]
 -[36m2024/11/20 14:19:29,936[m [34m[DEBUG][m [org.springframework.web.servlet.FrameworkServlet] [33m[http-nio-8080-exec-2][m- Completed 200 OK
 -[36m2024/11/20 14:27:59,846[m [34m[DEBUG][m [org.springframework.boot.availability.ApplicationAvailabilityBean] [33m[SpringApplicationShutdownHook][m- Application availability state ReadinessState changed from ACCEPTING_TRAFFIC to REFUSING_TRAFFIC
 -[36m2024/11/20 14:27:59,850[m [34m[DEBUG][m [org.springframework.context.support.AbstractApplicationContext] [33m[SpringApplicationShutdownHook][m- Closing org.springframework.boot.web.servlet.context.AnnotationConfigServletWebServerApplicationContext@302fec27, started on Wed Nov 20 14:12:32 KST 2024
 -[36m2024/11/20 14:27:59,900[m [34m[DEBUG][m [org.springframework.context.support.DefaultLifecycleProcessor$LifecycleGroup] [33m[SpringApplicationShutdownHook][m- Stopping beans in phase 2147483647
 -[36m2024/11/20 14:27:59,905[m [34m[DEBUG][m [org.springframework.context.support.DefaultLifecycleProcessor] [33m[SpringApplicationShutdownHook][m- Bean 'applicationTaskExecutor' completed its stop procedure
 -[36m2024/11/20 14:27:59,905[m [34m[DEBUG][m [org.springframework.context.support.DefaultLifecycleProcessor$LifecycleGroup] [33m[SpringApplicationShutdownHook][m- Stopping beans in phase 2147482623
 -[36m2024/11/20 14:27:59,914[m [34m[DEBUG][m [org.springframework.context.support.DefaultLifecycleProcessor] [33m[SpringApplicationShutdownHook][m- Bean 'webServerGracefulShutdown' completed its stop procedure
 -[36m2024/11/20 14:27:59,914[m [34m[DEBUG][m [org.springframework.context.support.DefaultLifecycleProcessor$LifecycleGroup] [33m[SpringApplicationShutdownHook][m- Stopping beans in phase 2147481599
 -[36m2024/11/20 14:27:59,938[m [34m[DEBUG][m [org.springframework.context.support.DefaultLifecycleProcessor] [33m[SpringApplicationShutdownHook][m- Bean 'webServerStartStop' completed its stop procedure
 -[36m2024/11/20 14:27:59,938[m [34m[DEBUG][m [org.springframework.context.support.DefaultLifecycleProcessor$LifecycleGroup] [33m[SpringApplicationShutdownHook][m- Stopping beans in phase 0
 -[36m2024/11/20 14:28:00,118[m [34m[DEBUG][m [org.springframework.context.support.DefaultLifecycleProcessor] [33m[SpringApplicationShutdownHook][m- Bean 'redisConnectionFactory' completed its stop procedure
 -[36m2024/11/20 14:28:00,119[m [34m[DEBUG][m [org.springframework.context.support.DefaultLifecycleProcessor$LifecycleGroup] [33m[SpringApplicationShutdownHook][m- Stopping beans in phase -2147483647
 -[36m2024/11/20 14:28:00,121[m [34m[DEBUG][m [org.springframework.context.support.DefaultLifecycleProcessor] [33m[SpringApplicationShutdownHook][m- Bean 'springBootLoggingLifecycle' completed its stop procedure
 -[36m2024/11/20 14:28:00,126[m [34m[DEBUG][m [org.springframework.beans.factory.support.DisposableBeanAdapter] [33m[SpringApplicationShutdownHook][m- Custom destroy method 'shutdown' on bean with name 'lettuceClientResources' completed asynchronously
 -[36m2024/11/20 14:28:00,129[m [34m[DEBUG][m [org.springframework.jmx.export.MBeanExporter] [33m[SpringApplicationShutdownHook][m- Unregistering JMX-exposed beans on shutdown
 -[36m2024/11/20 14:28:00,131[m [34m[DEBUG][m [org.springframework.jmx.support.MBeanRegistrationSupport] [33m[SpringApplicationShutdownHook][m- Unregistering JMX-exposed beans
 -[36m2024/11/20 14:28:00,131[m [34m[DEBUG][m [org.springframework.scheduling.concurrent.ExecutorConfigurationSupport] [33m[SpringApplicationShutdownHook][m- Shutting down ExecutorService 'applicationTaskExecutor'
 -